<?xml version="1.0" encoding="UTF-8"?>
<testng-results skipped="0" failed="0" ignored="0" total="1" passed="1">
  <reporter-output>
  </reporter-output>
  <suite name="Default suite" duration-ms="1222" started-at="2019-05-23T22:50:39Z" finished-at="2019-05-23T22:50:41Z">
    <groups>
    </groups>
    <test name="Default test" duration-ms="1222" started-at="2019-05-23T22:50:39Z" finished-at="2019-05-23T22:50:41Z">
      <class name="CheckPoint.CallingExcelCell">
        <test-method status="PASS" signature="readexcel_dat()[pri:0, instance:CheckPoint.CallingExcelCell@26653222]" name="readexcel_dat" duration-ms="1164" started-at="2019-05-23T22:50:39Z" finished-at="2019-05-23T22:50:41Z">
          <reporter-output>
          </reporter-output>
        </test-method> <!-- readexcel_dat -->
      </class> <!-- CheckPoint.CallingExcelCell -->
    </test> <!-- Default test -->
  </suite> <!-- Default suite -->
</testng-results>
